<?xml version="1.0" encoding="UTF-8" standalone="no"?>
<!DOCTYPE log SYSTEM "logger.dtd">
<log>
<record>
  <date>2021-09-24T11:15:57.280906700Z</date>
  <millis>1632482157280</millis>
  <nanos>906700</nanos>
  <sequence>3</sequence>
  <logger>steps.StepDefinitions</logger>
  <level>SEVERE</level>
  <class>steps.StepDefinitions</class>
  <method>then</method>
  <thread>1</thread>
  <message>expected: DN09HRM,BMW,320D Se,Black,2010 but was: DN09HRM,BMW,320D Se,Black,2009</message>
</record>
<record>
  <date>2021-09-24T11:15:57.280906700Z</date>
  <millis>1632482157280</millis>
  <nanos>906700</nanos>
  <sequence>4</sequence>
  <logger>steps.StepDefinitions</logger>
  <level>SEVERE</level>
  <class>steps.StepDefinitions</class>
  <method>then</method>
  <thread>1</thread>
  <message>expected: BW57BOF,Toyota,Yaris T2,Red,2010 but was: BW57BOF,Toyota,Yaris T2,Red,2008</message>
</record>
</log>
